S. Koreans condemn Japan's nuke wastewater dumping decision
https://www.chinadaily.com.cn/a/202308/23/WS64e55928a31035260b81db2f.html
Japan can't shift onus of radioactive water
https://www.chinadaily.com.cn/a/202308/17/WS64dd4fc2a31035260b81c8bc.html
Dumping of toxic water a breach of law
https://www.chinadaily.com.cn/a/202308/16/WS64dbfff5a31035260b81c561.html
Global insecurity
https://www.chinadaily.com.cn/a/202308/16/WS64dbfdd9a31035260b81c545.html
Japan's plan to release toxic water slammed
https://www.chinadaily.com.cn/a/202308/08/WS64d1783fa31035260b81ac95.html
Countering Japan's radioactive water dumping plan
https://www.chinadaily.com.cn/a/202307/29/WS64c46649a31035260b819365.html
China's 13th Arctic Ocean expedition underway
https://www.chinadaily.com.cn/a/202307/12/WS64aeb4fca31035260b816089.html
Chinese scientists embark on 13th Arctic Ocean scientific expedition
https://www.chinadaily.com.cn/a/202307/12/WS64ae60faa31035260b816022.html
China calls for int'l attention to Japan's nuclear contaminated water dumping
https://www.chinadaily.com.cn/a/202307/05/WS64a4ca58a310bf8a75d6d53f.html
IAEA's report good for Tokyo, bad for world: China Daily editorial
https://www.chinadaily.com.cn/a/202307/04/WS64a40697a310bf8a75d6d32e.html
Navigating to the next page.
An eco-friendly trip in Phuket
https://www.chinadaily.com.cn/a/202306/23/WS64951115a310bf8a75d6b44b.html
Embassy: Japan urged to be responsible for nuclear water disposal
https://www.chinadaily.com.cn/a/202305/03/WS645167e4a310b6054fad0c39.html
Japan's expensive semantics still endanger the sea: Editorial flash
https://www.chinadaily.com.cn/a/202304/26/WS6448ef99a310b6054facff2c.html
Japan needs to reconsider wastewater discharge plan
https://www.chinadaily.com.cn/a/202303/31/WS642631c4a31057c47ebb78e4.html
Better safe than sorry with Fukushima water
https://www.chinadaily.com.cn/a/202303/22/WS641a47a8a31057c47ebb5c2d.html
Japan's water discharge will pollute sea of all mankind
https://www.chinadaily.com.cn/a/202301/19/WS63c880dda31057c47ebaa782.html
Fukushima plan worries spark appeal
https://www.chinadaily.com.cn/a/202301/19/WS63c87c83a31057c47ebaa751.html
Japanese public opposes plan to dump radioactive water into sea
https://www.chinadaily.com.cn/a/202301/16/WS63c4e4d8a31057c47eba9d90.html
US-Japan pact may increase global tension
https://www.chinadaily.com.cn/a/202301/16/WS63c48616a31057c47eba9b43.html
Marine tech serves Belt and Road for common good
https://www.chinadaily.com.cn/a/202212/27/WS63aa3391a31057c47eba6477.html
Navigating to the next page.
Symposium on Building Blue Economy Partnership stresses South China Sea
https://www.chinadaily.com.cn/a/202211/27/WS63834c0ea31057c47eba1471.html
Japan asking world to pay too high a cost: China Daily editorial
https://www.chinadaily.com.cn/a/202209/26/WS63319171a310fd2b29e79cee.html
HK deepens marine knowledge with nation's support
https://www.chinadaily.com.cn/a/202209/23/WS632ceb0ea310fd2b29e7948e.html
HK, Macao step up checks on safety of Japanese food
https://www.chinadaily.com.cn/a/202308/23/WS64e61fc5a31035260b81dd76.html
Japan nuke water: Health experts, fishermen warn of hazards
https://www.chinadaily.com.cn/a/202308/23/WS64e5c244a31035260b81dceb.html
Japan must pay for radioactive water damage
https://www.chinadaily.com.cn/a/202308/23/WS64e5ace3a31035260b81dc7b.html
Say no to Japan!
https://www.chinadaily.com.cn/a/202308/23/WS64e5a4a4a31035260b81dc6d.html
Hong Kong to ban certain Japanese aquatic imports over nuclear-contaminated wastewater concerns
https://www.chinadaily.com.cn/a/202308/22/WS64e4d3c3a31035260b81d9c6.html
Japan piping nuclear water a crime to mankind: Editorial flash
https://www.chinadaily.com.cn/a/202308/22/WS64e41ca7a31035260b81d893.html
Hawaii inferno unleashes fury, misery
https://www.chinadaily.com.cn/a/202308/17/WS64dd58cea31035260b81c8fb.html
Navigating to the next page.
Main tasks of 1st phase of China's 13th Arctic Ocean scientific expedition completed
https://www.chinadaily.com.cn/a/202308/12/WS64d79589a31035260b81bc42.html
Japan's discharge of wastewater a potential man-made disaster
https://www.chinadaily.com.cn/a/202308/01/WS64c85a1aa31035260b819973.html
Citizens decry toxic water release plan
https://www.chinadaily.com.cn/a/202307/19/WS64b73d8da31035260b8173cf.html
Experts see danger in toxic water release
https://www.chinadaily.com.cn/a/202307/15/WS64b1d3ffa31035260b816932.html
IAEA chief 's visit to ROK sparks protests
https://www.chinadaily.com.cn/a/202307/10/WS64ab33c5a310bf8a75d6e19a.html
Japan claim on Chinese nuclear plant waste dismissed
https://www.chinadaily.com.cn/a/202307/06/WS64a58c75a310bf8a75d6d6ee.html
Japan's toxic water plan defies int'l law
https://www.chinadaily.com.cn/a/202307/04/WS64a364fca310bf8a75d6d07d.html
Japan's 'poisonous' water plan illegal, inhuman
https://www.chinadaily.com.cn/a/202306/29/WS649d2f71a310bf8a75d6c5c6.html
Draft floats more marine protection
https://www.chinadaily.com.cn/a/202306/28/WS649b87b8a310bf8a75d6c0aa.html
Legislators mulling draft revision to marine law
https://www.chinadaily.com.cn/a/202306/27/WS649a85aba310bf8a75d6be5f.html
Navigating to the next page.
China mulls accountability system on marine environment protection
https://www.chinadaily.com.cn/a/202306/26/WS64995664a310bf8a75d6bb0c.html
Filipinos speak out against Japan's move
https://www.chinadaily.com.cn/a/202306/20/WS6490d8daa310bf8a75d6abfd.html
Japan's plan to discharge toxic water fuels fears
https://www.chinadaily.com.cn/a/202306/15/WS648a4723a31033ad3f7bc4a5.html
Tianjin coastal park drawing visitors following environmental cleanup efforts
https://www.chinadaily.com.cn/a/202306/14/WS64890b6ba31033ad3f7bc186.html
Experts' views on Japan's toxic water dumping
https://www.chinadaily.com.cn/a/202306/14/WS6488feb3a31033ad3f7bc11b.html
Fukushima plan a nuclear threat to Asia-Pacific
https://www.chinadaily.com.cn/a/202306/13/WS6487d3e0a31033ad3f7bbf92.html
Japan's plan to dump toxic water condemned
https://www.chinadaily.com.cn/a/202306/08/WS64810376a31033ad3f7bb04f.html
For people and planet, plastic pollution must end
https://www.chinadaily.com.cn/a/202306/04/WS647be353a31033ad3f7ba449.html
'Swimming in plastic': Greek fishermen clean up seabed litter
https://www.chinadaily.com.cn/a/202306/03/WS647a7107a31033ad3f7ba2e3.html
Biodiversity crisis must be urgently addressed
https://www.chinadaily.com.cn/a/202306/01/WS6477eadca3107584c3ac3482.html
Navigating to the next page.
Experts' take on high temperatures
https://www.chinadaily.com.cn/a/202305/29/WS6473ddeba310b6054fad576a.html
Extreme heat events have now become the new normal
https://www.chinadaily.com.cn/a/202305/29/WS6473dd60a310b6054fad5766.html
Systems change could reduce plastic pollution by 80 percent
https://www.chinadaily.com.cn/a/202305/18/WS6465f28ba310b6054fad3c82.html
Xi calls for building Beijing-Tianjin-Hebei region pioneer in pursuing Chinese modernization
https://www.chinadaily.com.cn/a/202305/13/WS645f7da6a310b6054fad2cba.html
Water warrior praised for decade of voluntary efforts
https://www.chinadaily.com.cn/a/202305/11/WS645c40aba310b6054fad24a1.html
Environmental progress made, but tough road remains ahead
https://www.chinadaily.com.cn/a/202304/26/WS64487d4ea310b6054facfcee.html
App harnesses people's desire to help protect rivers
https://www.chinadaily.com.cn/a/202304/20/WS64408fe1a310b6054facea57.html
China stresses its stance on Taiwan Strait
https://www.chinadaily.com.cn/a/202304/18/WS643df35da310b6054face343.html
Japan mustn't dump radioactive water into sea
https://www.chinadaily.com.cn/a/202304/13/WS6437c6b5a31057c47ebb9f9d.html
Japan urged not to dump contaminated water into sea
https://www.chinadaily.com.cn/a/202303/11/WS640bdbcca31057c47ebb3be9.html
Navigating to the next page.
Nord Stream pipelines explosion 'act of war': Workers World
https://www.chinadaily.com.cn/a/202303/07/WS64062580a31057c47ebb2979.html
China urges Japan to consult with stakeholders on nuclear-contaminated water discharge
https://www.chinadaily.com.cn/a/202303/07/WS64062083a31057c47ebb2975.html
Safety doubts shroud plan to release water
https://www.chinadaily.com.cn/a/202303/03/WS64012df4a31057c47ebb1d7e.html
Public interest litigation contributing to ecological civilization development
https://www.chinadaily.com.cn/a/202302/27/WS63fc7989a31057c47ebb118e.html
Science should guide Fukushima wastewater release plan, Pacific leaders say
https://www.chinadaily.com.cn/a/202302/26/WS63faa2fca31057c47ebb0e4b.html
Great Barrier Reef living on borrowed time
https://www.chinadaily.com.cn/a/202302/22/WS63f54ffca31057c47ebb00b6.html
Toxic US-Japan collusion on nuke wastewater taints global environment
https://www.chinadaily.com.cn/a/202302/20/WS63f2c05da31057c47ebafa60.html
China's Green Development in the New Era
https://www.chinadaily.com.cn/a/202301/20/WS63c9d37fa31057c47ebaabe1.html
Most reef sharks, rays face demise, says study
https://www.chinadaily.com.cn/a/202301/19/WS63c88ee3a31057c47ebaa7ea.html
Measure for measure
https://www.chinadaily.com.cn/a/202301/16/WS63c49b41a31057c47eba9bc3.html
Navigating to the next page.
Draft amendment to Marine law to reduce carbon emissions
https://www.chinadaily.com.cn/a/202212/30/WS63ae3c97a31057c47eba6f2d.html
Legislators look to reduce emissions in shipping industry
https://www.chinadaily.com.cn/a/202212/28/WS63abf40ca31057c47eba6a13.html
Marine technology makes Greater Bay Area greener, safer
https://www.chinadaily.com.cn/a/202212/21/WS63a23f55a31057c47eba559c.html
UN recognizes China's vast restoration effort
https://www.chinadaily.com.cn/a/202212/19/WS639fc8c8a31057c47eba50da.html
Maritime protection strengthened through alliance
https://www.chinadaily.com.cn/a/202212/12/WS6396e4e6a31057c47eba3fdb.html
Corona Extra makes good on its promise to clean up Chinese beaches
https://www.chinadaily.com.cn/a/202212/08/WS6391747da31057c47eba3609.html
Resolve crucial to restoring biodiversity
https://www.chinadaily.com.cn/a/202212/05/WS638d47eba31057c47eba2993.html
For a world thriving with life
https://www.chinadaily.com.cn/a/202212/03/WS638aa046a31057c47eba2703.html
COP15 president: Post-2020 biodiversity framework taking shape
https://www.chinadaily.com.cn/a/202212/02/WS63892d47a31057c47eba233f.html
US pursuing two-tiered trade policy with China
https://www.chinadaily.com.cn/a/202212/01/WS638830eda31057c47eba2204.html
Navigating to the next page.
On the BRI route, green is the favored color
https://www.chinadaily.com.cn/a/202211/28/WS63840f80a31057c47eba1600.html
Chinese scientists develop self-propelled robots to clean up microplastics
https://www.chinadaily.com.cn/a/202211/23/WS637d02dfa31049175432b4b4.html
Africa hopeful as COP27 starts
https://www.chinadaily.com.cn/a/202211/08/WS6369b89ba3105ca1f2274aad.html
Wuhan forum discusses geosciences changes in education
https://www.chinadaily.com.cn/a/202211/06/WS6367c55ca3105ca1f22744fa.html
Cloud-altering technology can protect our environment
https://www.chinadaily.com.cn/a/202211/01/WS63607766a310fd2b29e7f9d0.html
Old dam demolition protects marine ecology
https://www.chinadaily.com.cn/a/202210/26/WS6358c5aaa310fd2b29e7ea20.html
Blue bonanza beckons for Gulf
https://www.chinadaily.com.cn/a/202210/03/WS633a599da310fd2b29e7ae05.html
US, China urged to team up on emissions
https://www.chinadaily.com.cn/a/202210/03/WS633a4227a310fd2b29e7adae.html
Oysters help clear the waters in Hong Kong
https://www.chinadaily.com.cn/a/202209/27/WS63323510a310fd2b29e79d5d.html
New business coalition calls for ambitious global plastics treaty
https://www.chinadaily.com.cn/a/202209/22/WS632bb6efa310fd2b29e79158.html
Navigating to the next page.
Groups of volunteers growing across country
https://www.chinadaily.com.cn/a/202209/19/WS6327bedca310fd2b29e7857e.html
Bryde's whale spotted off Guangxi
https://www.chinadaily.com.cn/a/202209/07/WS63185e2fa310fd2b29e767e0.html
UK sewage discharge slammed
https://www.chinadaily.com.cn/a/202208/26/WS6308212ba310fd2b29e745f2.html
Concerns rage over Fukushima discharge
https://www.chinadaily.com.cn/a/202408/23/WS66c7ec77a31060630b924923.html
Islanders work to protect sea turtles
https://www.chinadaily.com.cn/a/202407/16/WS6695bd90a31095c51c50e39c.html
Marine Eco-Environmental Protection in China
https://www.chinadaily.com.cn/a/202407/12/WS66906939a31095c51c50dad6.html
Offshore breezes prove windfall for fisheries
https://www.chinadaily.com.cn/a/202407/11/WS668f3e59a31095c51c50d8bf.html
Protest continues against Japan's further discharge of nuke-contaminated water
https://www.chinadaily.com.cn/a/202405/26/WS66531eb9a31082fc043c9296.html
A maritime community for promoting peace
https://www.chinadaily.com.cn/a/202404/23/WS6626eef6a31082fc043c355e.html
Environmental cooperation in the South China Sea requires joint efforts
https://www.chinadaily.com.cn/a/202403/26/WS66021c80a31082fc043be9e1.html
Much more to be done
https://www.chinadaily.com.cn/a/202403/04/WS65e52d6ea31082fc043ba642.html
China to ramp up marine pollution control efforts
https://www.chinadaily.com.cn/a/202312/23/WS6586e5fda31040ac301a9364.html
Initiative streamlines treatment of ocean plastics
https://www.chinadaily.com.cn/a/202312/08/WS6572714fa31090682a5f217c.html
Navigating to the next page.
China elected again to council of International Maritime Organization
https://www.chinadaily.com.cn/a/202312/02/WS656a2d1fa31090682a5f1077.html
Full text of Xi's speech at the 30th APEC Economic Leaders' Meeting
https://www.chinadaily.com.cn/a/202311/18/WS655844dea31090682a5eee79.html
Xi puts forward proposals on APEC cooperation in next 'golden 30 years'
https://www.chinadaily.com.cn/a/202311/18/WS6557c56ba31090682a5eedaa.html
Global bodies must stop Japan's water release
https://www.chinadaily.com.cn/a/202311/07/WS654971eaa31090682a5ecbde.html
Lawsuit filed against Japan govt, TEPCO
https://www.chinadaily.com.cn/a/202309/12/WS64ff9bdfa310d2dce4bb52c1.html
Japan's toxic water release violates international law
https://www.chinadaily.com.cn/a/202309/12/WS64ff9478a310d2dce4bb528b.html
Full Text: Speech by Chinese Premier Li Qiang at the 18th East Asia Summit
https://www.chinadaily.com.cn/a/202309/08/WS64fac694a310d2dce4bb4bc4.html
Li highlights unity as key to prosperity
https://www.chinadaily.com.cn/a/202309/08/WS64fa58d1a310d2dce4bb491c.html
Chinese premier urges East Asia Summit to better promote regional stability, prosperity
https://www.chinadaily.com.cn/a/202309/08/WS64fa0440a310d2dce4bb48be.html
Experts share views on Japan's radioactive wastewater dumping
https://www.chinadaily.com.cn/a/202309/07/WS64f90c7ba310d2dce4bb4575.html
Navigating to the next page.
Japan's WTO complaint against China most ridiculous
https://www.chinadaily.com.cn/a/202309/07/WS64f90757a310d2dce4bb454f.html
Japan should be made to pay for its action
https://www.chinadaily.com.cn/a/202308/29/WS64ed2303a31035260b81eabc.html
Japan should immediately slam on the brakes before its wrongdoing does any more harm: China Daily editorial
https://www.chinadaily.com.cn/a/202308/27/WS64eb25fba31035260b81e686.html
Japan threatens planet with radioactive water
https://www.chinadaily.com.cn/a/202308/24/WS64e7046fa31035260b81e091.html
Dedicated family provides safety net for protected dolphins
https://www.chinadaily.com.cn/a/202408/19/WS66c29f1ca31060630b923b71.html
All at sea
https://www.chinadaily.com.cn/a/202408/13/WS66babd18a3104e74fddb9b08.html
Numbers of Yangtze finless porpoise increasing
https://www.chinadaily.com.cn/a/202408/13/WS66baae67a3104e74fddb9a63.html
A unique blend of environmental factors
https://www.chinadaily.com.cn/a/202407/31/WS66a98ca8a3104e74fddb7acf.html
Resolution of the Central Committee of the Communist Party of China on Further Deepening Reform Comprehensively to Advance Chinese Modernization
https://www.chinadaily.com.cn/a/202407/22/WS669db327a31095c51c50f2f8.html
Why Xi's works a key to decoding modern China and its global vision
https://www.chinadaily.com.cn/a/202407/14/WS669334f3a31095c51c50deb3.html
Navigating to the next page.
Marine conservation a common cause: China Daily editorial
https://www.chinadaily.com.cn/a/202407/11/WS668fc69fa31095c51c50da2f.html
China sees marked improvement in marine environment: white paper
https://www.chinadaily.com.cn/a/202407/11/WS668f3edca31095c51c50d8c4.html
Report: Illegally grounded vessel of Philippines destroys ecosystem
https://www.chinadaily.com.cn/a/202407/09/WS668c737da31095c51c50d0d8.html
Philippines' illegally grounded warship damaging the ecological environment of the South China Sea
https://www.chinadaily.com.cn/a/202407/08/WS668bac00a31095c51c50d03e.html
Green compliant oilfield put into operation
https://www.chinadaily.com.cn/a/202407/02/WS66835535a31095c51c50bd0c.html
China, EU set to strengthen role as 'ballast' on climate change action
https://www.chinadaily.com.cn/a/202406/19/WS667211b2a31095c51c509975.html
A date with old quarries-turned-ecological park in Weihai
https://www.chinadaily.com.cn/a/202406/18/WS6670f6e8a31095c51c5097f0.html
Above-average 'dead zone' expected in Gulf of Mexico this summer
https://www.chinadaily.com.cn/a/202406/14/WS666be8baa31095c51c508f36.html
Sustainable aquaculture nets responsible catch
https://www.chinadaily.com.cn/a/202406/13/WS666a4386a31082fc043cc310.html
Xiamen lauded for marine preservation
https://www.chinadaily.com.cn/a/202406/10/WS66664d18a31082fc043cba91.html
Navigating to the next page.
Shanghai looks to the future for high-quality development
https://www.chinadaily.com.cn/a/202406/05/WS66600ab9a31082fc043cb0bf.html
Full Text: Joint Declaration of the 9th ROK-Japan-China Trilateral Summit
https://www.chinadaily.com.cn/a/202405/28/WS6654ed27a31082fc043c96b7.html
Lake becomes graveyard of fish after heavy rainfall
https://www.chinadaily.com.cn/a/202405/14/WS664305d8a31082fc043c705b.html
Deep-sea farms an eco-friendly way to expand food sources
https://www.chinadaily.com.cn/a/202405/08/WS663b2e7fa31082fc043c5ee5.html
Highlights of the four joint statements released by China and France during President Xi's state visit
https://www.chinadaily.com.cn/a/202405/08/WS663ab9f3a31082fc043c5c81.html
Report calls for environment, climate cooperation
https://www.chinadaily.com.cn/a/202405/06/WS663836a6a31082fc043c55e5.html
Chinese researchers start 2024 Arctic expedition at Yellow River Station
https://www.chinadaily.com.cn/a/202405/01/WS66319adfa31082fc043c4fc0.html
Good quality water offshore reaches 85%
https://www.chinadaily.com.cn/a/202404/28/WS662e58c9a31082fc043c47f4.html
Xiamen's restoration of ailing lake sets an example for world
https://www.chinadaily.com.cn/a/202404/10/WS6615eaf6a31082fc043c11d6.html
Experts call for blue economy synergy
https://www.chinadaily.com.cn/a/202404/01/WS66098c8ba31082fc043bfa0d.html
Navigating to the next page.
Youth frontliners lead charge for green future
https://www.chinadaily.com.cn/a/202403/27/WS66035029a31082fc043bece9.html
Ocean-related economy expanding
https://www.chinadaily.com.cn/a/202403/25/WS6600d635a31082fc043be754.html
Ban on Japanese aquatic products is necessary food safety measure
https://www.chinadaily.com.cn/a/202403/14/WS65f23ba7a31082fc043bc85c.html
Debt-for-environment swaps: Solution for vulnerable countries
https://www.chinadaily.com.cn/a/202403/13/WS65f0edb3a31082fc043bc480.html
UN assembly commits to battle against planet's woes
https://www.chinadaily.com.cn/a/202403/04/WS65e5254aa31082fc043ba5bf.html
Japan urged to cooperate in international monitoring for the disposal of nuclear-tainted water
https://www.chinadaily.com.cn/a/202402/29/WS65e047c7a31082fc043b9d35.html
Clear targets bring 'Beautiful China' within reach
https://www.chinadaily.com.cn/a/202402/28/WS65de89a5a31082fc043b9759.html
NPC deputies prompt bay beautification
https://www.chinadaily.com.cn/a/202402/27/WS65dd3686a31082fc043b9390.html
Manila's myths bring more challenges to stability of South China Sea
https://www.chinadaily.com.cn/a/202402/26/WS65dbf4f5a31082fc043b90fb.html
Xi Focus: Xi's thought on ecological civilization guides Xiamen's green shift
https://www.chinadaily.com.cn/a/202402/21/WS65d5afa8a31082fc043b8563.html
Navigating to the next page.
How tides of change transformed Yundang Lake
https://www.chinadaily.com.cn/a/202402/08/WS65c40db0a3104efcbdaea4d8.html
Manila violates DOC on Ren'ai Reef
https://www.chinadaily.com.cn/a/202402/07/WS65c2c0aba3104efcbdaea0b4.html
Victorian vitality
https://www.chinadaily.com.cn/a/202402/01/WS65bae15ba3104efcbdae904c.html
Intrusive offshore fish farms face cull
https://www.chinadaily.com.cn/a/202401/16/WS65a5dbe3a3105f21a507c78b.html
Trade facilitation
https://www.chinadaily.com.cn/a/202312/29/WS658dfc65a31040ac301aa047.html
Protect polar regions to prevent climate crisis
https://www.chinadaily.com.cn/a/202312/28/WS658cb7b9a31040ac301a9da7.html
Facilitated biz environment a magnet to business investment
https://www.chinadaily.com.cn/a/202312/26/WS658ada0fa31040ac301a9a4f.html
Fukushima fishers fight for survival
https://www.chinadaily.com.cn/a/202312/19/WS6580f459a31040ac301a8670.html
Full text: For a better world -- looking at the past decade of jointly pursuing the Belt and Road Initiative from a human rights perspective
https://www.chinadaily.com.cn/a/202312/07/WS6571b7b9a31090682a5f2050.html
Xi Focus-Closeup: A new beginning for Yellow River estuary residents
https://www.chinadaily.com.cn/a/202311/28/WS65659c95a31090682a5f06c2.html
Navigating to the next page.
Third round of UN global plastics treaty talks ends without consensus
https://www.chinadaily.com.cn/a/202311/21/WS655c62aca31090682a5ef522.html
China, Japan and South Korea reaffirm climate action pledges
https://www.chinadaily.com.cn/a/202311/06/WS65484002a31090682a5ec8c0.html
Ministers call for proper handling of Fukushima nuclear-contaminated water
https://www.chinadaily.com.cn/a/202311/04/WS65462ff6a31090682a5ec6e3.html
Experts call for halt to toxic water discharge
https://www.chinadaily.com.cn/a/202311/03/WS65444cc3a31090682a5ec377.html
Health of Baltic Sea worse, say experts
https://www.chinadaily.com.cn/a/202311/03/WS654449c8a31090682a5ec337.html
Japanese protest against further discharge of Fukushima nuclear-contaminated water
https://www.chinadaily.com.cn/a/202311/02/WS65433c0da31090682a5ec1ac.html
Archipelago balances conservation with growth
https://www.chinadaily.com.cn/a/202311/02/WS6542fce5a31090682a5ec033.html
New ideas floated to curb carbon
https://www.chinadaily.com.cn/a/202311/02/WS6542f56da31090682a5ebfe1.html
State Grid Weihai Power Supply Co turns marine ranch's energy systems green
https://www.chinadaily.com.cn/a/202311/01/WS65419c09a31090682a5ebc4c.html
Zhejiang marine waste scheme wins UN's top environmental award
https://www.chinadaily.com.cn/a/202310/31/WS65406475a31090682a5eb9ee.html
Navigating to the next page.
China's Blue Circle initiative wins UN highest environment award
https://www.chinadaily.com.cn/a/202310/30/WS653f6780a31090682a5eb7d9.html
Mechanism for toxic water release sought
https://www.chinadaily.com.cn/a/202310/24/WS65372116a31090682a5ea51d.html
China mulls revising law to boost marine biodiversity
https://www.chinadaily.com.cn/a/202310/20/WS65324a9aa31090682a5e9d26.html
China highlights marine radiation monitoring in draft law revision
https://www.chinadaily.com.cn/a/202310/20/WS6531db77a31090682a5e9b28.html
Draft takes aim at water pollution
https://www.chinadaily.com.cn/a/202310/19/WS6530f6d7a31090682a5e9927.html
China's economy harvests prosperity in golden autumn
https://www.chinadaily.com.cn/a/202310/19/WS65305ec0a31090682a5e95b8.html
EU proposes new plastics measures
https://www.chinadaily.com.cn/a/202310/18/WS652eb706a31090682a5e9127.html
Colombo Port City rises with green Chinese solutions
https://www.chinadaily.com.cn/a/202310/17/WS652dedfba31090682a5e8f2d.html
China criticizes Japan's renewed discharge of contaminated water
https://www.chinadaily.com.cn/a/202310/07/WS6520ad5da310d2dce4bb934e.html
Conference for Ocean Decade launches in Qingdao
https://www.chinadaily.com.cn/a/202309/28/WS65158e4aa310d2dce4bb8718.html
Navigating to the next page.
China lauded for coastal restoration
https://www.chinadaily.com.cn/a/202309/27/WS6513821fa310d2dce4bb80c9.html
Joint action urged to protect fishing areas
https://www.chinadaily.com.cn/a/202309/25/WS6510c0e6a310d2dce4bb7864.html
Fukushima ¨C One rule for the West, another for others
https://www.chinadaily.com.cn/a/202309/22/WS650ce68fa310d2dce4bb7212.html
Japan's toxic water discharge plan based on lies
https://www.chinadaily.com.cn/a/202309/21/WS650b82a9a310d2dce4bb6d7a.html
City powers ahead with green transformation
https://www.chinadaily.com.cn/a/202309/20/WS650a36b8a310d2dce4bb69a4.html
Japan's nuke wastewater discharge puts global environmental morality at stake, says expert
https://www.chinadaily.com.cn/a/202309/09/WS64fc197ca310d2dce4bb4da2.html
China's scientific expedition begins North Pole research
https://www.chinadaily.com.cn/a/202309/07/WS64f95afda310d2dce4bb479a.html
Dalian hosts fishing competitors from across the country for event
https://www.chinadaily.com.cn/a/202309/06/WS64f85321a310d2dce4bb44a1.html
Electric cruise ship to be launched in Shanghai
https://www.chinadaily.com.cn/a/202309/04/WS64f50a5ba310d2dce4bb3a46.html
Chinese embassy in Japan reiterates opposition to ocean discharge of Fukushima nuclear-tainted wastewater
https://www.chinadaily.com.cn/a/202308/29/WS64edb323a31035260b81ed7f.html
Navigating to the next page.
World reminded Fukushima nuclear disaster continues
https://www.chinadaily.com.cn/a/202308/29/WS64ed52d7a31035260b81ec30.html
US bases' presence angers Okinawans
https://www.chinadaily.com.cn/a/202308/29/WS64ed454aa31035260b81ebbe.html
Pacific islands need to wage united fight, experts say
https://www.chinadaily.com.cn/a/202308/28/WS64ebefd5a31035260b81e7fa.html
Water release spooks Chinese anglers, farmers
https://www.chinadaily.com.cn/a/202308/28/WS64ebd541a31035260b81e6f6.html
Domestic seafood sales surge amid safety concerns
https://www.chinadaily.com.cn/a/202308/27/WS64eb64d6a31035260b81e6a6.html
China's UN envoy urges Japan to stop nuclear-contaminated water release
https://www.chinadaily.com.cn/a/202308/26/WS64e96043a31035260b81e5bd.html
Discharge is against right to clean environment, activist says
https://www.chinadaily.com.cn/a/202308/25/WS64e7d9b7a31035260b81e196.html
China monitors nuclear water risks after Japan release
https://www.chinadaily.com.cn/a/202308/24/WS64e7521da31035260b81e133.html
West's silence on Japan's eco-crime is truly deafening
https://www.chinadaily.com.cn/a/202308/24/WS64e6fa53a31035260b81e063.html
China condemns Japan's nuclear contamination dumping
https://www.chinadaily.com.cn/a/202308/24/WS64e6d4dba31035260b81e01b.html
Navigating to the next page.
Japan starts releasing Fukushima nuke wastewater into ocean amid protest, opposition
https://www.chinadaily.com.cn/a/202308/24/WS64e6d063a31035260b81e017.html
